<?xml version="1.0" encoding="UTF-8"?>
<!-- Generated by org.testng.reporters.JUnitXMLReporter -->
<testsuite ignored="0" hostname="devrath" failures="0" tests="20" name="Test" time="311.299" errors="0" timestamp="2026-06-11T11:07:08 IST">
  <testcase classname="tests.TC08_SimpleAlertTest" name="verifySimpleAlert" time="5.02"/>
  <testcase classname="tests.TC09_ConfirmationAlertTest" name="verifyConfirmationAlert" time="6.94"/>
  <testcase classname="tests.TC04_CountryDropdownTest" name="verifyCountryDropdown" time="2.332"/>
  <testcase classname="tests.TC01_UserInformationTest" name="verifyUserInformation" time="11.468"/>
  <testcase classname="tests.TC03_WeekDaysSelectionTest" name="verifyWeekDaysSelection" time="6.476"/>
  <testcase classname="tests.TC10_PromptAlertTest" name="verifyPromptAlert" time="2.455"/>
  <testcase classname="tests.TC05_ColorMultiSelectTest" name="verifyColorMultiSelect" time="4.93"/>
  <testcase classname="tests.TC19_DynamicTableTest" name="TC19_VerifyDynamicWebTable" time="2.142"/>
  <testcase classname="tests.TC14_DragAndDropTest" name="TC14_VerifyDragAndDropAction" time="3.011"/>
  <testcase classname="tests.TC11_BrowserTabTest" name="TC11_VerifyBrowserTabHandling" time="17.049"/>
  <testcase classname="tests.TC16_MultipleFileUploadTest" name="TC16_VerifyMultipleFileUpload" time="2.121"/>
  <testcase classname="tests.TC02_GenderSelectionTest" name="verifyGenderSelection" time="6.135"/>
  <testcase classname="tests.TC13_DoubleClickTest" name="TC13_VerifyDoubleClickAction" time="2.397"/>
  <testcase classname="tests.TC15_SingleFileUploadTest" name="TC15_VerifySingleFileUpload" time="2.201"/>
  <testcase classname="tests.TC18_StaticTableTest" name="TC18_VerifyStaticWebTable" time="2.189"/>
  <testcase classname="tests.TC17_SliderTest" name="TC17_VerifySliderFunctionality" time="7.486"/>
  <testcase classname="tests.TC12_MouseHoverTest" name="TC12_VerifyMouseHover" time="2.969"/>
  <testcase classname="tests.TC07_DatePickerTest" name="verifyDatePicker" time="6.211"/>
  <testcase classname="tests.TC20_PaginationTableTest" name="TC20_VerifyPaginationTable" time="12.966"/>
  <testcase classname="tests.TC06_AnimalDropdownTest" name="verifyAnimalDropdown" time="8.674"/>
</testsuite> <!-- Test -->
